c:\users\dydyp\source\repos\expozitie\expozitie\debug\vc141.pdb
c:\users\dydyp\source\repos\expozitie\expozitie\debug\vc141.idb
c:\users\dydyp\source\repos\expozitie\expozitie\debug\teste.obj
c:\users\dydyp\source\repos\expozitie\expozitie\debug\service.obj
c:\users\dydyp\source\repos\expozitie\expozitie\debug\repo.obj
c:\users\dydyp\source\repos\expozitie\expozitie\debug\muzeu.obj
c:\users\dydyp\source\repos\expozitie\expozitie\debug\expozitie.obj
c:\users\dydyp\source\repos\expozitie\expozitie\debug\validator.obj
c:\users\dydyp\source\repos\expozitie\expozitie\debug\ui.obj
c:\users\dydyp\source\repos\expozitie\expozitie\debug\voturi.obj
c:\users\dydyp\source\repos\expozitie\expozitie\debug\repo2.obj
c:\users\dydyp\source\repos\expozitie\debug\expozitie.exe
c:\users\dydyp\source\repos\expozitie\debug\expozitie.ilk
c:\users\dydyp\source\repos\expozitie\debug\expozitie.pdb
c:\users\dydyp\source\repos\expozitie\expozitie\debug\expozitie.tlog\cl.command.1.tlog
c:\users\dydyp\source\repos\expozitie\expozitie\debug\expozitie.tlog\cl.read.1.tlog
c:\users\dydyp\source\repos\expozitie\expozitie\debug\expozitie.tlog\cl.write.1.tlog
c:\users\dydyp\source\repos\expozitie\expozitie\debug\expozitie.tlog\link.command.1.tlog
c:\users\dydyp\source\repos\expozitie\expozitie\debug\expozitie.tlog\link.read.1.tlog
c:\users\dydyp\source\repos\expozitie\expozitie\debug\expozitie.tlog\link.write.1.tlog
