c:\users\dydyp\source\repos\lab2_structuridate\lab2_structuridate\debug\vc141.pdb
c:\users\dydyp\source\repos\lab2_structuridate\lab2_structuridate\debug\vc141.idb
c:\users\dydyp\source\repos\lab2_structuridate\lab2_structuridate\debug\vectordinamic.obj
c:\users\dydyp\source\repos\lab2_structuridate\lab2_structuridate\debug\tranzactie.obj
c:\users\dydyp\source\repos\lab2_structuridate\lab2_structuridate\debug\repofile.obj
c:\users\dydyp\source\repos\lab2_structuridate\lab2_structuridate\debug\lab2_structuridate.obj
c:\users\dydyp\source\repos\lab2_structuridate\lab2_structuridate\debug\collection.obj
c:\users\dydyp\source\repos\lab2_structuridate\lab2_structuridate\debug\atm.obj
c:\users\dydyp\source\repos\lab2_structuridate\lab2_structuridate\debug\testlist.obj
c:\users\dydyp\source\repos\lab2_structuridate\debug\lab2_structuridate.exe
c:\users\dydyp\source\repos\lab2_structuridate\debug\lab2_structuridate.ilk
c:\users\dydyp\source\repos\lab2_structuridate\debug\lab2_structuridate.pdb
c:\users\dydyp\source\repos\lab2_structuridate\lab2_structuridate\debug\lab2_structuridate.res
c:\users\dydyp\source\repos\lab2_structuridate\lab2_structuridate\debug\lab2_str.c4643fd2.tlog\cl.command.1.tlog
c:\users\dydyp\source\repos\lab2_structuridate\lab2_structuridate\debug\lab2_str.c4643fd2.tlog\cl.read.1.tlog
c:\users\dydyp\source\repos\lab2_structuridate\lab2_structuridate\debug\lab2_str.c4643fd2.tlog\cl.write.1.tlog
c:\users\dydyp\source\repos\lab2_structuridate\lab2_structuridate\debug\lab2_str.c4643fd2.tlog\link.command.1.tlog
c:\users\dydyp\source\repos\lab2_structuridate\lab2_structuridate\debug\lab2_str.c4643fd2.tlog\link.read.1.tlog
c:\users\dydyp\source\repos\lab2_structuridate\lab2_structuridate\debug\lab2_str.c4643fd2.tlog\link.write.1.tlog
c:\users\dydyp\source\repos\lab2_structuridate\lab2_structuridate\debug\lab2_str.c4643fd2.tlog\rc.command.1.tlog
c:\users\dydyp\source\repos\lab2_structuridate\lab2_structuridate\debug\lab2_str.c4643fd2.tlog\rc.read.1.tlog
c:\users\dydyp\source\repos\lab2_structuridate\lab2_structuridate\debug\lab2_str.c4643fd2.tlog\rc.write.1.tlog
